#
# There is insufficient memory for the Java Runtime Environment to continue.
# Native memory allocation (malloc) failed to allocate 2626096 bytes for Chunk::new
# Possible reasons:
#   The system is out of physical RAM or swap space
#   The process is running with CompressedOops enabled, and the Java Heap may be blocking the growth of the native heap
# Possible solutions:
#   Reduce memory load on the system
#   Increase physical memory or swap space
#   Check if swap backing store is full
#   Decrease Java heap size (-Xmx/-Xms)
#   Decrease number of Java threads
#   Decrease Java thread stack sizes (-Xss)
#   Set larger code cache with -XX:ReservedCodeCacheSize=
#   JVM is running with Zero Based Compressed Oops mode in which the Java heap is
#     placed in the first 32GB address space. The Java Heap base address is the
#     maximum limit for the native heap growth. Please use -XX:HeapBaseMinAddress
#     to set the Java Heap base and to place the Java Heap above 32GB virtual address.
# This output file may be truncated or incomplete.
#
#  Out of Memory Error (allocation.cpp:389), pid=25336, tid=0x0000000000002d14
#
# JRE version: Java(TM) SE Runtime Environment (8.0_441) (build 1.8.0_441-b07)
# Java VM: Java HotSpot(TM) 64-Bit Server VM (25.441-b07 mixed mode windows-amd64 compressed oops)
# Failed to write core dump. Minidumps are not enabled by default on client versions of Windows
#

---------------  T H R E A D  ---------------

Current thread (0x00000183df2fa800):  JavaThread "C2 CompilerThread7" daemon [_thread_in_native, id=11540, stack(0x0000000956e00000,0x0000000956f00000)]

Stack: [0x0000000956e00000,0x0000000956f00000]
Native frames: (J=compiled Java code, j=interpreted, Vv=VM code, C=native code)
V  [jvm.dll+0x34ba99]
V  [jvm.dll+0x288e12]
V  [jvm.dll+0x2899e0]
V  [jvm.dll+0x27dc65]
V  [jvm.dll+0xd9d8c]
V  [jvm.dll+0xda71c]
V  [jvm.dll+0x49527d]
V  [jvm.dll+0x458865]
V  [jvm.dll+0x461b1f]
V  [jvm.dll+0x460f12]
V  [jvm.dll+0x44abbc]
V  [jvm.dll+0xaf385]
V  [jvm.dll+0xada9f]
V  [jvm.dll+0x24e539]
V  [jvm.dll+0x2a595c]
C  [ucrtbase.dll+0x37b0]
C  [KERNEL32.DLL+0x2e8d7]
C  [ntdll.dll+0xb14fc]


Current CompileTask:
C2:   7314 2342       4       java.net.URLClassLoader$1::run (5 bytes)


---------------  P R O C E S S  ---------------

Java Threads: ( => current thread )
  0x00000183df398800 JavaThread "Service Thread" daemon [_thread_blocked, id=16984, stack(0x0000000957300000,0x0000000957400000)]
  0x00000183df326000 JavaThread "C1 CompilerThread11" daemon [_thread_blocked, id=1196, stack(0x0000000957200000,0x0000000957300000)]
  0x00000183df306000 JavaThread "C1 CompilerThread10" daemon [_thread_blocked, id=43560, stack(0x0000000957100000,0x0000000957200000)]
  0x00000183df2fd000 JavaThread "C1 CompilerThread9" daemon [_thread_blocked, id=37980, stack(0x0000000957000000,0x0000000957100000)]
  0x00000183df2fb800 JavaThread "C1 CompilerThread8" daemon [_thread_blocked, id=16016, stack(0x0000000956f00000,0x0000000957000000)]
=>0x00000183df2fa800 JavaThread "C2 CompilerThread7" daemon [_thread_in_native, id=11540, stack(0x0000000956e00000,0x0000000956f00000)]
  0x00000183df2f5800 JavaThread "C2 CompilerThread6" daemon [_thread_blocked, id=48572, stack(0x0000000956d00000,0x0000000956e00000)]
  0x00000183df2f5000 JavaThread "C2 CompilerThread5" daemon [_thread_blocked, id=11160, stack(0x0000000956c00000,0x0000000956d00000)]
  0x00000183df2e6000 JavaThread "C2 CompilerThread4" daemon [_thread_blocked, id=26724, stack(0x0000000956b00000,0x0000000956c00000)]
  0x00000183df2e5800 JavaThread "C2 CompilerThread3" daemon [_thread_blocked, id=912, stack(0x0000000956a00000,0x0000000956b00000)]
  0x00000183df2e4800 JavaThread "C2 CompilerThread2" daemon [_thread_blocked, id=21980, stack(0x0000000956900000,0x0000000956a00000)]
  0x00000183df2e0000 JavaThread "C2 CompilerThread1" daemon [_thread_blocked, id=40292, stack(0x0000000956800000,0x0000000956900000)]
  0x00000183df2db000 JavaThread "C2 CompilerThread0" daemon [_thread_blocked, id=17776, stack(0x0000000956700000,0x0000000956800000)]
  0x00000183df2d5000 JavaThread "Monitor Ctrl-Break" daemon [_thread_in_native, id=19804, stack(0x0000000956600000,0x0000000956700000)]
  0x00000183df299000 JavaThread "Attach Listener" daemon [_thread_blocked, id=18368, stack(0x0000000956500000,0x0000000956600000)]
  0x00000183df298000 JavaThread "Signal Dispatcher" daemon [_thread_blocked, id=48876, stack(0x0000000956400000,0x0000000956500000)]
  0x00000183dcf2e000 JavaThread "Finalizer" daemon [_thread_blocked, id=21192, stack(0x0000000956300000,0x0000000956400000)]
  0x00000183df237000 JavaThread "Reference Handler" daemon [_thread_blocked, id=13072, stack(0x0000000956200000,0x0000000956300000)]
  0x00000183b8a37800 JavaThread "main" [_thread_in_vm, id=12936, stack(0x0000000954e00000,0x0000000954f00000)]

Other Threads:
  0x00000183df214000 VMThread [stack: 0x0000000956100000,0x0000000956200000] [id=49060]
  0x00000183df3ae800 WatcherThread [stack: 0x0000000957400000,0x0000000957500000] [id=17436]

VM state:synchronizing (normal execution)

VM Mutex/Monitor currently owned by a thread:  ([mutex/lock_event])
[0x00000183b8a33f80] Threads_lock - owner thread: 0x00000183df214000

heap address: 0x00000005c4000000, size: 8128 MB, Compressed Oops mode: Zero based, Oop shift amount: 3
Narrow klass base: 0x0000000000000000, Narrow klass shift: 3
Compressed class space size: 1073741824 Address: 0x00000007c0000000

Heap:
 PSYoungGen      total 151552K, used 29085K [0x0000000716b00000, 0x0000000721400000, 0x00000007c0000000)
  eden space 130048K, 9% used [0x0000000716b00000,0x00000007177511b8,0x000000071ea00000)
  from space 21504K, 76% used [0x000000071ea00000,0x000000071fa16630,0x000000071ff00000)
  to   space 21504K, 0% used [0x000000071ff00000,0x000000071ff00000,0x0000000721400000)
 ParOldGen       total 347136K, used 24K [0x00000005c4000000, 0x00000005d9300000, 0x0000000716b00000)
  object space 347136K, 0% used [0x00000005c4000000,0x00000005c4006000,0x00000005d9300000)
 Metaspace       used 19149K, capacity 19600K, committed 19712K, reserved 1067008K
  class space    used 2376K, capacity 2517K, committed 2560K, reserved 1048576K

Card table byte_map: [0x00000183c99e0000,0x00000183ca9d0000] byte_map_base: 0x00000183c6bc0000

Marking Bits: (ParMarkBitMap*) 0x00007ffed6a00200
 Begin Bits: [0x00000183cb470000, 0x00000183d3370000)
 End Bits:   [0x00000183d3370000, 0x00000183db270000)

Polling page: 0x00000183b89b0000

CodeCache: size=245760Kb used=9731Kb max_used=9735Kb free=236028Kb
 bounds [0x00000183ba620000, 0x00000183bafb0000, 0x00000183c9620000]
 total_blobs=2794 nmethods=2399 adapters=304
 compilation: enabled

Compilation events (10 events):
Event: 6.270 Thread 0x00000183df2fd000 nmethod 2395 0x00000183bafa1b10 code [0x00000183bafa1ca0, 0x00000183bafa1fe0]
Event: 6.270 Thread 0x00000183df2fb800 nmethod 2396 0x00000183bafa13d0 code [0x00000183bafa1560, 0x00000183bafa1960]
Event: 6.271 Thread 0x00000183df306000 2397       3       java.lang.Class::reflectionData (49 bytes)
Event: 6.271 Thread 0x00000183df2db000 2398       4       java.lang.reflect.Method::equals (69 bytes)
Event: 6.272 Thread 0x00000183df306000 nmethod 2397 0x00000183bafa0bd0 code [0x00000183bafa0d60, 0x00000183bafa1290]
Event: 6.272 Thread 0x00000183df306000 2399       1       org.codehaus.plexus.util.xml.Xpp3Dom::getValue (5 bytes)
Event: 6.272 Thread 0x00000183df306000 nmethod 2399 0x00000183bafa0910 code [0x00000183bafa0a60, 0x00000183bafa0b78]
Event: 6.272 Thread 0x00000183df2db000 nmethod 2398 0x00000183bafa0590 code [0x00000183bafa06e0, 0x00000183bafa07e8]
Event: 6.282 Thread 0x00000183df2fd000 2400       3       com.google.inject.internal.Annotations::findScopeAnnotation (67 bytes)
Event: 6.283 Thread 0x00000183df2fd000 nmethod 2400 0x00000183bafa5c10 code [0x00000183bafa5e40, 0x00000183bafa6c30]

GC Heap History (2 events):
Event: 5.140 GC heap before
{Heap before GC invocations=1 (full 0):
 PSYoungGen      total 151552K, used 130048K [0x0000000716b00000, 0x0000000721400000, 0x00000007c0000000)
  eden space 130048K, 100% used [0x0000000716b00000,0x000000071ea00000,0x000000071ea00000)
  from space 21504K, 0% used [0x000000071ff00000,0x000000071ff00000,0x0000000721400000)
  to   space 21504K, 0% used [0x000000071ea00000,0x000000071ea00000,0x000000071ff00000)
 ParOldGen       total 347136K, used 0K [0x00000005c4000000, 0x00000005d9300000, 0x0000000716b00000)
  object space 347136K, 0% used [0x00000005c4000000,0x00000005c4000000,0x00000005d9300000)
 Metaspace       used 18211K, capacity 18722K, committed 18944K, reserved 1064960K
  class space    used 2279K, capacity 2437K, committed 2560K, reserved 1048576K
Event: 5.149 GC heap after
Heap after GC invocations=1 (full 0):
 PSYoungGen      total 151552K, used 16473K [0x0000000716b00000, 0x0000000721400000, 0x00000007c0000000)
  eden space 130048K, 0% used [0x0000000716b00000,0x0000000716b00000,0x000000071ea00000)
  from space 21504K, 76% used [0x000000071ea00000,0x000000071fa16630,0x000000071ff00000)
  to   space 21504K, 0% used [0x000000071ff00000,0x000000071ff00000,0x0000000721400000)
 ParOldGen       total 347136K, used 24K [0x00000005c4000000, 0x00000005d9300000, 0x0000000716b00000)
  object space 347136K, 0% used [0x00000005c4000000,0x00000005c4006000,0x00000005d9300000)
 Metaspace       used 18211K, capacity 18722K, committed 18944K, reserved 1064960K
  class space    used 2279K, capacity 2437K, committed 2560K, reserved 1048576K
}

Deoptimization events (10 events):
Event: 5.080 Thread 0x00000183b8a37800 Uncommon trap: reason=unstable_if action=reinterpret pc=0x00000183baeed390 method=org.eclipse.sisu.inject.InjectorBindings.isAssignableFrom(Lcom/google/inject/TypeLiteral;Lcom/google/inject/Binding;)Z @ 15
Event: 5.108 Thread 0x00000183b8a37800 Uncommon trap: reason=unloaded action=reinterpret pc=0x00000183bab1ab98 method=org.codehaus.plexus.util.xml.pull.MXParser.more()C @ 22
Event: 5.149 Thread 0x00000183b8a37800 Uncommon trap: reason=unstable_if action=reinterpret pc=0x00000183baf67478 method=java.lang.ref.SoftReference.get()Ljava/lang/Object; @ 17
Event: 5.151 Thread 0x00000183dcf2e000 Uncommon trap: reason=unstable_if action=reinterpret pc=0x00000183bad2b19c method=java.lang.ref.ReferenceQueue.poll()Ljava/lang/ref/Reference; @ 4
Event: 5.151 Thread 0x00000183dcf2e000 Uncommon trap: reason=unstable_if action=reinterpret pc=0x00000183baea6c14 method=java.lang.ref.ReferenceQueue.poll()Ljava/lang/ref/Reference; @ 4
Event: 5.175 Thread 0x00000183b8a37800 Uncommon trap: reason=unstable_if action=reinterpret pc=0x00000183bae773d0 method=java.lang.ref.SoftReference.get()Ljava/lang/Object; @ 17
Event: 5.207 Thread 0x00000183b8a37800 Uncommon trap: reason=unstable_if action=reinterpret pc=0x00000183baad592c method=java.lang.AbstractStringBuilder.append(Ljava/lang/String;)Ljava/lang/AbstractStringBuilder; @ 1
Event: 5.207 Thread 0x00000183b8a37800 Uncommon trap: reason=unstable_if action=reinterpret pc=0x00000183baa5afa4 method=java.lang.AbstractStringBuilder.append(Ljava/lang/String;)Ljava/lang/AbstractStringBuilder; @ 1
Event: 5.217 Thread 0x00000183b8a37800 Uncommon trap: reason=unstable_if action=reinterpret pc=0x00000183ba9768c4 method=java.lang.String.replace(CC)Ljava/lang/String; @ 2
Event: 5.230 Thread 0x00000183b8a37800 Uncommon trap: reason=unstable_if action=reinterpret pc=0x00000183bab24dec method=sun.nio.cs.UTF_8$Decoder.decodeArrayLoop(Ljava/nio/ByteBuffer;Ljava/nio/CharBuffer;)Ljava/nio/charset/CoderResult; @ 84

Classes redefined (0 events):
No events

Internal exceptions (10 events):
Event: 2.979 Thread 0x00000183b8a37800 Exception <a 'java/lang/NoSuchMethodError': java.lang.Object.lambda$andThen$1(Ljava/util/function/Function;Ljava/lang/Object;)Ljava/lang/Object;> (0x00000007186a0830) thrown at [C:\jenkins\workspace\8-2-build-windows-x64-cygwin-sans-NAS\jdk8u441\1521\hots
Event: 3.128 Thread 0x00000183b8a37800 Exception <a 'java/lang/NoSuchMethodError': java.lang.Object.lambda$comparing$77a9974f$1(Ljava/util/function/Function;Ljava/lang/Object;Ljava/lang/Object;)I> (0x00000007192cfe90) thrown at [C:\jenkins\workspace\8-2-build-windows-x64-cygwin-sans-NAS\jdk8u4
Event: 3.129 Thread 0x00000183b8a37800 Exception <a 'java/lang/NoSuchMethodError': java.lang.Object.lambda$comparing$ea9a8b3a$1(Ljava/util/Comparator;Ljava/util/function/Function;Ljava/lang/Object;Ljava/lang/Object;)I> (0x00000007192e2618) thrown at [C:\jenkins\workspace\8-2-build-windows-x64-
Event: 3.130 Thread 0x00000183b8a37800 Exception <a 'java/lang/NoSuchMethodError': java.lang.Object.lambda$thenComparing$36697e65$1(Ljava/util/Comparator;Ljava/lang/Object;Ljava/lang/Object;)I> (0x00000007192eac48) thrown at [C:\jenkins\workspace\8-2-build-windows-x64-cygwin-sans-NAS\jdk8u441\
Event: 3.187 Thread 0x00000183b8a37800 Exception <a 'java/lang/NoClassDefFoundError': javax/enterprise/inject/Typed> (0x00000007197a1100) thrown at [C:\jenkins\workspace\8-2-build-windows-x64-cygwin-sans-NAS\jdk8u441\1521\hotspot\src\share\vm\classfile\systemDictionary.cpp, line 202]
Event: 3.796 Thread 0x00000183b8a37800 Implicit null exception at 0x00000183bab39fcc to 0x00000183bab3a185
Event: 3.981 Thread 0x00000183b8a37800 Exception <a 'java/lang/NoClassDefFoundError': com/google/inject/servlet/ServletModuleTargetVisitor> (0x000000071e203b48) thrown at [C:\jenkins\workspace\8-2-build-windows-x64-cygwin-sans-NAS\jdk8u441\1521\hotspot\src\share\vm\classfile\systemDictionary.c
Event: 3.981 Thread 0x00000183b8a37800 Exception <a 'java/lang/NoClassDefFoundError'> (0x000000071e203b48) thrown at [C:\jenkins\workspace\8-2-build-windows-x64-cygwin-sans-NAS\jdk8u441\1521\hotspot\src\share\vm\prims\jvm.cpp, line 1517]
Event: 5.207 Thread 0x00000183b8a37800 Implicit null exception at 0x00000183baad5556 to 0x00000183baad5911
Event: 5.207 Thread 0x00000183b8a37800 Implicit null exception at 0x00000183baa5abd6 to 0x00000183baa5af89

Events (10 events):
Event: 6.280 loading class java/math/BigDecimal
Event: 6.281 loading class java/math/BigDecimal done
Event: 6.282 loading class org/apache/maven/artifact/handler/DefaultArtifactHandler
Event: 6.282 loading class org/apache/maven/artifact/handler/DefaultArtifactHandler done
Event: 6.282 loading class org/apache/maven/artifact/handler/DefaultArtifactHandler
Event: 6.282 loading class org/apache/maven/artifact/handler/DefaultArtifactHandler done
Event: 6.282 loading class org/apache/maven/artifact/handler/DefaultArtifactHandler
Event: 6.282 loading class org/apache/maven/artifact/handler/DefaultArtifactHandler done
Event: 6.282 loading class org/apache/maven/artifact/DefaultArtifact
Event: 6.282 loading class org/apache/maven/artifact/DefaultArtifact done


Dynamic libraries:
0x00007ff7e5650000 - 0x00007ff7e569f000 	D:\Java\jdk8\bin\java.exe
0x00007fffa20e0000 - 0x00007fffa2340000 	C:\WINDOWS\SYSTEM32\ntdll.dll
0x00007fff9ffd0000 - 0x00007fffa0097000 	C:\WINDOWS\System32\KERNEL32.DLL
0x00007fff9f760000 - 0x00007fff9fb2a000 	C:\WINDOWS\System32\KERNELBASE.dll
0x00007fffa11a0000 - 0x00007fffa1252000 	C:\WINDOWS\System32\ADVAPI32.dll
0x00007fffa0890000 - 0x00007fffa0939000 	C:\WINDOWS\System32\msvcrt.dll
0x00007fffa0b30000 - 0x00007fffa0bd6000 	C:\WINDOWS\System32\sechost.dll
0x00007fffa0590000 - 0x00007fffa06a6000 	C:\WINDOWS\System32\RPCRT4.dll
0x00007fffa0e50000 - 0x00007fffa101c000 	C:\WINDOWS\System32\USER32.dll
0x00007fff9fe20000 - 0x00007fff9fe47000 	C:\WINDOWS\System32\win32u.dll
0x00007fffa2070000 - 0x00007fffa209a000 	C:\WINDOWS\System32\GDI32.dll
0x00007fff9f580000 - 0x00007fff9f6b1000 	C:\WINDOWS\System32\gdi32full.dll
0x00007fff9f2c0000 - 0x00007fff9f363000 	C:\WINDOWS\System32\msvcp_win.dll
0x00007fff9f430000 - 0x00007fff9f57b000 	C:\WINDOWS\System32\ucrtbase.dll
0x00007fff82e30000 - 0x00007fff830c7000 	C:\WINDOWS\WinSxS\amd64_microsoft.windows.common-controls_6595b64144ccf1df_6.0.26100.3624_none_3e086962e3345f24\COMCTL32.dll
0x00007fffa16f0000 - 0x00007fffa171f000 	C:\WINDOWS\System32\IMM32.DLL
0x00007fff87610000 - 0x00007fff8762b000 	D:\Java\jdk8\jre\bin\vcruntime140.dll
0x00007fff93180000 - 0x00007fff9318c000 	D:\Java\jdk8\jre\bin\vcruntime140_1.dll
0x00007fff5b310000 - 0x00007fff5b39e000 	D:\Java\jdk8\jre\bin\msvcp140.dll
0x00007ffed61d0000 - 0x00007ffed6a7a000 	D:\Java\jdk8\jre\bin\server\jvm.dll
0x00007fffa1730000 - 0x00007fffa1738000 	C:\WINDOWS\System32\PSAPI.DLL
0x00007fff5b210000 - 0x00007fff5b21a000 	C:\WINDOWS\SYSTEM32\WSOCK32.dll
0x00007fff94160000 - 0x00007fff9416b000 	C:\WINDOWS\SYSTEM32\VERSION.dll
0x00007fffa18c0000 - 0x00007fffa1934000 	C:\WINDOWS\System32\WS2_32.dll
0x00007fff910d0000 - 0x00007fff91106000 	C:\WINDOWS\SYSTEM32\WINMM.dll
0x00007fff9e1c0000 - 0x00007fff9e1da000 	C:\WINDOWS\SYSTEM32\kernel.appcore.dll
0x00007fff88010000 - 0x00007fff88020000 	D:\Java\jdk8\jre\bin\verify.dll
0x00007fff87520000 - 0x00007fff8754b000 	D:\Java\jdk8\jre\bin\java.dll
0x00007fff878b0000 - 0x00007fff878e7000 	D:\Java\jdk8\jre\bin\instrument.dll
0x00007fff87500000 - 0x00007fff87518000 	D:\Java\jdk8\jre\bin\zip.dll
0x00007fffa1940000 - 0x00007fffa2069000 	C:\WINDOWS\System32\SHELL32.dll
0x00007fff9fb30000 - 0x00007fff9fc98000 	C:\WINDOWS\System32\wintypes.dll
0x00007fffa1260000 - 0x00007fffa15e2000 	C:\WINDOWS\System32\combase.dll
0x00007fff9cf40000 - 0x00007fff9d792000 	C:\WINDOWS\SYSTEM32\windows.storage.dll
0x00007fffa1020000 - 0x00007fffa110d000 	C:\WINDOWS\System32\SHCORE.dll
0x00007fffa0950000 - 0x00007fffa09b4000 	C:\WINDOWS\System32\shlwapi.dll
0x00007fff9f1d0000 - 0x00007fff9f1ff000 	C:\WINDOWS\SYSTEM32\profapi.dll
0x00007fff87890000 - 0x00007fff878aa000 	C:\Users\35189\AppData\Local\JetBrains\IntelliJ IDEA 2024.1.2\bin\breakgen64.dll
0x00007fff86cc0000 - 0x00007fff86cdc000 	D:\java\jdk8\jre\bin\net.dll
0x00007fff9e710000 - 0x00007fff9e77a000 	C:\WINDOWS\system32\mswsock.dll
0x00007fff7d310000 - 0x00007fff7d323000 	D:\java\jdk8\jre\bin\nio.dll
0x0000000069ac0000 - 0x0000000069ae4000 	C:\Users\35189\AppData\Local\Temp\jansi-2.4.0-65cab8b43211c11-jansi.dll
0x00007fff9cc80000 - 0x00007fff9cec1000 	C:\WINDOWS\SYSTEM32\dbghelp.dll
0x00007fffa1760000 - 0x00007fffa1836000 	C:\WINDOWS\System32\OLEAUT32.dll
0x00007fff9f6c0000 - 0x00007fff9f759000 	C:\WINDOWS\System32\bcryptPrimitives.dll

VM Arguments:
jvm_args: -Dmaven.multiModuleProjectDirectory=D:\codes\ECommerceRecommendSystem\WebServer -Djansi.passthrough=true -Dmaven.home=C:\Users\35189\AppData\Local\JetBrains\IntelliJ IDEA 2024.1.2\plugins\maven\lib\maven3 -Dclassworlds.conf=C:\Users\35189\AppData\Local\JetBrains\IntelliJ IDEA 2024.1.2\plugins\maven\lib\maven3\bin\m2.conf -Dmaven.ext.class.path=C:\Users\35189\AppData\Local\JetBrains\IntelliJ IDEA 2024.1.2\plugins\maven\lib\maven-event-listener.jar -javaagent:C:\Users\35189\AppData\Local\JetBrains\IntelliJ IDEA 2024.1.2\lib\idea_rt.jar=12503:C:\Users\35189\AppData\Local\JetBrains\IntelliJ IDEA 2024.1.2\bin -Dfile.encoding=UTF-8 
java_command: org.codehaus.classworlds.Launcher -Didea.version=2024.1.2 org.apache.tomcat.maven:tomcat7-maven-plugin:2.2:run
java_class_path (initial): C:\Users\35189\AppData\Local\JetBrains\IntelliJ IDEA 2024.1.2\plugins\maven\lib\maven3\boot\plexus-classworlds-2.7.0.jar;C:\Users\35189\AppData\Local\JetBrains\IntelliJ IDEA 2024.1.2\plugins\maven\lib\maven3\boot\plexus-classworlds.license;C:\Users\35189\AppData\Local\JetBrains\IntelliJ IDEA 2024.1.2\lib\idea_rt.jar
Launcher Type: SUN_STANDARD

Environment Variables:
JAVA_HOME=C:\Program Files\Java\jdk-11
USERNAME=35189
OS=Windows_NT
PROCESSOR_IDENTIFIER=Intel64 Family 6 Model 183 Stepping 1, GenuineIntel



---------------  S Y S T E M  ---------------

OS: Windows 11 , 64 bit Build 26100 (10.0.26100.3775)

CPU:total 24 (initial active 24) (12 cores per cpu, 2 threads per core) family 6 model 183 stepping 1, cmov, cx8, fxsr, mmx, sse, sse2, sse3, ssse3, sse4.1, sse4.2, popcnt, avx, avx2, aes, clmul, erms, 3dnowpref, lzcnt, ht, tsc, tscinvbit, bmi1, bmi2, adx

Memory: 4k page, physical 33285576k(3924296k free), swap 59501892k(4452k free)

vm_info: Java HotSpot(TM) 64-Bit Server VM (25.441-b07) for windows-amd64 JRE (1.8.0_441-b07), built on Dec  4 2024 08:12:36 by "java_re" with MS VC++ 17.6 (VS2022)

time: Sat Apr 26 19:44:12 2025
timezone: Intel64 Family 6 Model 183 Stepping 1, GenuineIntel
elapsed time: 7.316613 seconds (0d 0h 0m 7s)

